2025-08-06 10:47:26,727 INFO: Run script 'cli'   (logging_handler.py:121)
2025-08-06 10:47:26,728 INFO: Script executed by Python v3.11.13 (main, Jul  1 2025, 05:28:08) [GCC 12.2.0]   (logging_handler.py:122)
2025-08-06 10:47:26,728 INFO: Logging initialized   (logging_handler.py:123)
2025-08-06 10:47:26,729 INFO: Create BaSyx server interface client from config file 'demo/server_config.json'   (client.py:512)
2025-08-06 10:47:26,729 DEBUG: Server config  file 'demo/server_config.json' found.   (client.py:518)
2025-08-06 10:47:26,729 INFO: Using server configuration: 'http://javaaasserver:5060/' | API base path: '' | timeout: '200' | username: 'None' | https_proxy: 'None' | http_proxy: 'None' | connection_timeout: '60'   (client.py:530)
2025-08-06 10:47:26,729 DEBUG: Try to connect to REST API 'http://javaaasserver:5060' for 60 seconds   (client.py:552)
2025-08-06 10:47:26,732 DEBUG: Starting new HTTP connection (1): javaaasserver:5060   (connectionpool.py:241)
2025-08-06 10:47:26,736 DEBUG: http://javaaasserver:5060 "GET /shells HTTP/1.1" 200 None   (connectionpool.py:544)
2025-08-06 10:47:26,737 DEBUG: Call REST API url 'http://javaaasserver:5060/shells'   (client.py:108)
2025-08-06 10:47:26,738 INFO: Connected to REST API at 'http://javaaasserver:5060' successfully.   (client.py:558)
2025-08-06 10:47:26,738 INFO: Create BaSyx server interface client from config file 'demo/server_config.json'   (sdk_wrapper.py:262)
2025-08-06 10:47:26,738 DEBUG: Server config  file 'demo/server_config.json' found.   (sdk_wrapper.py:268)
2025-08-06 10:47:26,738 INFO: Using server configuration: 'http://javaaasserver:5060/' | API base path: '' | timeout: '200' | username: 'None' | https_proxy: 'None' | http_proxy: 'None' | connection_timeout: '60'   (client.py:530)
2025-08-06 10:47:26,738 DEBUG: Try to connect to REST API 'http://javaaasserver:5060' for 60 seconds   (client.py:552)
2025-08-06 10:47:26,740 DEBUG: Starting new HTTP connection (1): javaaasserver:5060   (connectionpool.py:241)
2025-08-06 10:47:26,742 DEBUG: http://javaaasserver:5060 "GET /shells HTTP/1.1" 200 None   (connectionpool.py:544)
2025-08-06 10:47:26,742 DEBUG: Call REST API url 'http://javaaasserver:5060/shells'   (client.py:108)
2025-08-06 10:47:26,742 INFO: Connected to REST API at 'http://javaaasserver:5060' successfully.   (client.py:558)
2025-08-06 10:47:26,744 DEBUG: http://javaaasserver:5060 "GET /shells HTTP/1.1" 200 None   (connectionpool.py:544)
2025-08-06 10:47:26,745 DEBUG: Call REST API url 'http://javaaasserver:5060/shells'   (client.py:203)
2025-08-06 10:47:26,745 WARNING: No AAS found in the REST API results.   (sdk_wrapper.py:65)
2025-08-06 10:47:28,453 DEBUG: Call REST API url 'http://javaaasserver:5060/shells'   (client.py:128)
2025-08-06 10:47:28,459 DEBUG: http://javaaasserver:5060 "POST /shells HTTP/1.1" 201 None   (connectionpool.py:544)
2025-08-06 10:47:28,460 DEBUG: Call REST API url 'http://javaaasserver:5060/shells'   (client.py:132)
2025-08-06 10:47:30,856 DEBUG: Call REST API url 'http://javaaasserver:5060/shells'   (client.py:128)
2025-08-06 10:47:30,862 DEBUG: http://javaaasserver:5060 "POST /shells HTTP/1.1" 201 None   (connectionpool.py:544)
2025-08-06 10:47:30,863 DEBUG: Call REST API url 'http://javaaasserver:5060/shells'   (client.py:132)
2025-08-06 10:47:32,011 DEBUG: http://javaaasserver:5060 "GET /shells HTTP/1.1" 200 None   (connectionpool.py:544)
2025-08-06 10:47:32,011 DEBUG: Call REST API url 'http://javaaasserver:5060/shells'   (client.py:203)
